<?xml version="1.0" encoding="UTF-8"?>
<!-- Generated by org.testng.reporters.JUnitReportReporter -->
<testsuite hostname="Aaliyah-HP" failures="0" tests="4" name="WebProject.Selenium.NewToursDemoTests" time="32.698" errors="0" timestamp="2021-05-28T11:52:20 IST" skipped="0">
  <testcase classname="WebProject.Selenium.NewToursDemoTests" name="login" time="2.941"/>
  <system-out/>
  <testcase classname="WebProject.Selenium.NewToursDemoTests" name="login" time="3.653"/>
  <system-out/>
  <testcase classname="WebProject.Selenium.NewToursDemoTests" name="login" time="23.374"/>
  <system-out/>
  <testcase classname="WebProject.Selenium.NewToursDemoTests" name="login" time="2.730"/>
  <system-out/>
</testsuite> <!-- WebProject.Selenium.NewToursDemoTests -->
