<?xml version="1.0" encoding="UTF-8"?>
<!-- Generated by org.testng.reporters.JUnitReportReporter -->
<testsuite hostname="Aaliyah-HP" failures="0" tests="4" name="WebProject.Selenium.LoginDemoTest" time="28.722" errors="0" timestamp="2021-05-28T21:30:58 IST" skipped="0">
  <testcase classname="WebProject.Selenium.LoginDemoTest" name="login" time="2.611"/>
  <system-out/>
  <testcase classname="WebProject.Selenium.LoginDemoTest" name="login" time="2.877"/>
  <system-out/>
  <testcase classname="WebProject.Selenium.LoginDemoTest" name="login" time="20.159"/>
  <system-out/>
  <testcase classname="WebProject.Selenium.LoginDemoTest" name="login" time="3.075"/>
  <system-out/>
</testsuite> <!-- WebProject.Selenium.LoginDemoTest -->
